<?xml version="1.0" encoding="UTF-8"?>
<!-- Generated by org.testng.reporters.JUnitReportReporter -->
<testsuite skipped="0" hostname="DELL-PC" name="Repository.Inspectelement" tests="1" failures="0" timestamp="30 Apr 2018 14:11:08 GMT" time="5.288" errors="0">
  <testcase name="open" time="5.288" classname="Repository.Inspectelement"/>
</testsuite> <!-- Repository.Inspectelement -->
