<?xml version="1.0" encoding="UTF-8"?>
<!-- Generated by org.testng.reporters.JUnitReportReporter -->
<testsuite skipped="0" hostname="DELL-PC" name="Repository.Openbrowser" tests="1" failures="0" timestamp="30 Apr 2018 14:07:28 GMT" time="6.902" errors="0">
  <testcase name="open" time="6.902" classname="Repository.Openbrowser"/>
</testsuite> <!-- Repository.Openbrowser -->
