<?xml version="1.0" encoding="UTF-8"?>
<!-- Generated by org.testng.reporters.JUnitReportReporter -->
<testsuite skipped="0" hostname="DELL-PC" name="Execute.Execution" tests="1" failures="0" timestamp="04 May 2018 13:08:51 GMT" time="92.278" errors="0">
  <testcase name="perform" time="92.278" classname="Execute.Execution"/>
</testsuite> <!-- Execute.Execution -->
